f:\uni\cos30031-2023-103071494\22 - spike - collisions\collisions\x64\debug\vc143.pdb
f:\uni\cos30031-2023-103071494\22 - spike - collisions\collisions\x64\debug\vc143.idb
f:\uni\cos30031-2023-103071494\22 - spike - collisions\collisions\x64\debug\window.obj
f:\uni\cos30031-2023-103071494\22 - spike - collisions\collisions\x64\debug\main.obj
f:\uni\cos30031-2023-103071494\22 - spike - collisions\collisions\x64\debug\rect.obj
f:\uni\cos30031-2023-103071494\22 - spike - collisions\collisions\x64\debug\player.obj
f:\uni\cos30031-2023-103071494\22 - spike - collisions\collisions\x64\debug\gameworld.obj
f:\uni\cos30031-2023-103071494\22 - spike - collisions\collisions\x64\debug\circle.obj
f:\uni\cos30031-2023-103071494\22 - spike - collisions\collisions\x64\debug\collisions.exe
f:\uni\cos30031-2023-103071494\22 - spike - collisions\collisions\x64\debug\collisions.ilk
f:\uni\cos30031-2023-103071494\22 - spike - collisions\collisions\x64\debug\collisions.pdb
f:\uni\cos30031-2023-103071494\22 - spike - collisions\collisions\x64\debug\shape.obj
f:\uni\cos30031-2023-103071494\22 - spike - collisions\collisions\x64\debug\circle.obj.enc
f:\uni\cos30031-2023-103071494\22 - spike - collisions\collisions\x64\debug\collisions.tlog\cl.command.1.tlog
f:\uni\cos30031-2023-103071494\22 - spike - collisions\collisions\x64\debug\collisions.tlog\cl.items.tlog
f:\uni\cos30031-2023-103071494\22 - spike - collisions\collisions\x64\debug\collisions.tlog\cl.read.1.tlog
f:\uni\cos30031-2023-103071494\22 - spike - collisions\collisions\x64\debug\collisions.tlog\cl.write.1.tlog
f:\uni\cos30031-2023-103071494\22 - spike - collisions\collisions\x64\debug\collisions.tlog\link.command.1.tlog
f:\uni\cos30031-2023-103071494\22 - spike - collisions\collisions\x64\debug\collisions.tlog\link.read.1.tlog
f:\uni\cos30031-2023-103071494\22 - spike - collisions\collisions\x64\debug\collisions.tlog\link.write.1.tlog
