f:\uni\cos30031-2023-103071494\19 - spike - messaging_ annoucements and blackboards\messagingannouncements&blackboards\x64\debug\vc143.pdb
f:\uni\cos30031-2023-103071494\19 - spike - messaging_ annoucements and blackboards\messagingannouncements&blackboards\x64\debug\vc143.idb
f:\uni\cos30031-2023-103071494\19 - spike - messaging_ annoucements and blackboards\messagingannouncements&blackboards\x64\debug\main.obj
f:\uni\cos30031-2023-103071494\19 - spike - messaging_ annoucements and blackboards\messagingannouncements&blackboards\x64\debug\statemanager.obj
f:\uni\cos30031-2023-103071494\19 - spike - messaging_ annoucements and blackboards\messagingannouncements&blackboards\x64\debug\states.obj
f:\uni\cos30031-2023-103071494\19 - spike - messaging_ annoucements and blackboards\messagingannouncements&blackboards\x64\debug\entity.obj
f:\uni\cos30031-2023-103071494\19 - spike - messaging_ annoucements and blackboards\messagingannouncements&blackboards\x64\debug\worldloader.obj
f:\uni\cos30031-2023-103071494\19 - spike - messaging_ annoucements and blackboards\messagingannouncements&blackboards\x64\debug\eventdispatcher.obj
f:\uni\cos30031-2023-103071494\19 - spike - messaging_ annoucements and blackboards\messagingannouncements&blackboards\x64\debug\entityfactory.obj
f:\uni\cos30031-2023-103071494\19 - spike - messaging_ annoucements and blackboards\messagingannouncements&blackboards\x64\debug\inventoryslot.obj
f:\uni\cos30031-2023-103071494\19 - spike - messaging_ annoucements and blackboards\messagingannouncements&blackboards\x64\debug\c_inventory.obj
f:\uni\cos30031-2023-103071494\19 - spike - messaging_ annoucements and blackboards\messagingannouncements&blackboards\x64\debug\c_portal.obj
f:\uni\cos30031-2023-103071494\19 - spike - messaging_ annoucements and blackboards\messagingannouncements&blackboards\x64\debug\c_render.obj
f:\uni\cos30031-2023-103071494\19 - spike - messaging_ annoucements and blackboards\messagingannouncements&blackboards\x64\debug\componentfactory.obj
f:\uni\cos30031-2023-103071494\19 - spike - messaging_ annoucements and blackboards\messagingannouncements&blackboards\x64\debug\inputhandler.obj
f:\uni\cos30031-2023-103071494\19 - spike - messaging_ annoucements and blackboards\messagingannouncements&blackboards\x64\debug\quitcommand.obj
f:\uni\cos30031-2023-103071494\19 - spike - messaging_ annoucements and blackboards\messagingannouncements&blackboards\x64\debug\showcommand.obj
f:\uni\cos30031-2023-103071494\19 - spike - messaging_ annoucements and blackboards\messagingannouncements&blackboards\x64\debug\lookcommand.obj
f:\uni\cos30031-2023-103071494\19 - spike - messaging_ annoucements and blackboards\messagingannouncements&blackboards\x64\debug\takecommand.obj
f:\uni\cos30031-2023-103071494\19 - spike - messaging_ annoucements and blackboards\messagingannouncements&blackboards\x64\debug\movecommand.obj
f:\uni\cos30031-2023-103071494\19 - spike - messaging_ annoucements and blackboards\messagingannouncements&blackboards\x64\debug\messagingannouncements&blackboards.ilk
f:\uni\cos30031-2023-103071494\19 - spike - messaging_ annoucements and blackboards\messagingannouncements&blackboards\x64\debug\messagingannouncements&blackboards.exe
f:\uni\cos30031-2023-103071494\19 - spike - messaging_ annoucements and blackboards\messagingannouncements&blackboards\x64\debug\messagingannouncements&blackboards.pdb
f:\uni\cos30031-2023-103071494\19 - spike - messaging_ annoucements and blackboards\messagingannouncements&blackboards\x64\debug\messagin.75d5d9bb.tlog\cl.command.1.tlog
f:\uni\cos30031-2023-103071494\19 - spike - messaging_ annoucements and blackboards\messagingannouncements&blackboards\x64\debug\messagin.75d5d9bb.tlog\cl.items.tlog
f:\uni\cos30031-2023-103071494\19 - spike - messaging_ annoucements and blackboards\messagingannouncements&blackboards\x64\debug\messagin.75d5d9bb.tlog\cl.read.1.tlog
f:\uni\cos30031-2023-103071494\19 - spike - messaging_ annoucements and blackboards\messagingannouncements&blackboards\x64\debug\messagin.75d5d9bb.tlog\cl.write.1.tlog
f:\uni\cos30031-2023-103071494\19 - spike - messaging_ annoucements and blackboards\messagingannouncements&blackboards\x64\debug\messagin.75d5d9bb.tlog\link.command.1.tlog
f:\uni\cos30031-2023-103071494\19 - spike - messaging_ annoucements and blackboards\messagingannouncements&blackboards\x64\debug\messagin.75d5d9bb.tlog\link.read.1.tlog
f:\uni\cos30031-2023-103071494\19 - spike - messaging_ annoucements and blackboards\messagingannouncements&blackboards\x64\debug\messagin.75d5d9bb.tlog\link.write.1.tlog
