  CompLoader.cpp
  ECConstructor.cpp
C:\Users\thomh\Documents\Uni\COS30031-2023-103071494\28 - Doc - Custom Project (D_HD) Documents\CustomProject\ECS\src\ECConstructor.cpp(40,15): warning C4858: discarding return value: The 'remove' and 'remove_if' algorithms return the iterator past the last element that should be kept. You need to call container.erase(result, container.end()) afterwards. In C++20, 'std::erase' and 'std::erase_if' are simpler replacements for these two steps.
C:\Users\thomh\Documents\Uni\COS30031-2023-103071494\28 - Doc - Custom Project (D_HD) Documents\CustomProject\ECS\src\ECConstructor.cpp(41,15): warning C4858: discarding return value: The 'remove' and 'remove_if' algorithms return the iterator past the last element that should be kept. You need to call container.erase(result, container.end()) afterwards. In C++20, 'std::erase' and 'std::erase_if' are simpler replacements for these two steps.
  FileReader.cpp
  Game.cpp
C:\Users\thomh\Documents\Uni\COS30031-2023-103071494\28 - Doc - Custom Project (D_HD) Documents\CustomProject\Game\src\Game.cpp(25,13): error C2039: 'setTextures': is not a member of 'Game::Renderer'
C:\Users\thomh\Documents\Uni\COS30031-2023-103071494\28 - Doc - Custom Project (D_HD) Documents\CustomProject\Game\hdr\Renderer.h(6,8): message : see declaration of 'Game::Renderer'
  Main.cpp
  Renderer.cpp
C:\Users\thomh\Documents\Uni\COS30031-2023-103071494\28 - Doc - Custom Project (D_HD) Documents\CustomProject\Game\src\Renderer.cpp(5,5): error C2065: '_textures': undeclared identifier
C:\Users\thomh\Documents\Uni\COS30031-2023-103071494\28 - Doc - Custom Project (D_HD) Documents\CustomProject\Game\src\Renderer.cpp(11,21): error C2065: '_renderer': undeclared identifier
C:\Users\thomh\Documents\Uni\COS30031-2023-103071494\28 - Doc - Custom Project (D_HD) Documents\CustomProject\Game\src\Renderer.cpp(13,25): error C2065: '_textures': undeclared identifier
C:\Users\thomh\Documents\Uni\COS30031-2023-103071494\28 - Doc - Custom Project (D_HD) Documents\CustomProject\Game\src\Renderer.cpp(13,5): error C3531: 'texture': a symbol whose type contains 'auto' must have an initializer
C:\Users\thomh\Documents\Uni\COS30031-2023-103071494\28 - Doc - Custom Project (D_HD) Documents\CustomProject\Game\src\Renderer.cpp(13,23): error C2143: syntax error: missing ';' before ':'
C:\Users\thomh\Documents\Uni\COS30031-2023-103071494\28 - Doc - Custom Project (D_HD) Documents\CustomProject\Game\src\Renderer.cpp(13,34): error C2143: syntax error: missing ';' before ')'
C:\Users\thomh\Documents\Uni\COS30031-2023-103071494\28 - Doc - Custom Project (D_HD) Documents\CustomProject\Game\src\Renderer.cpp(15,24): error C2065: '_renderer': undeclared identifier
C:\Users\thomh\Documents\Uni\COS30031-2023-103071494\28 - Doc - Custom Project (D_HD) Documents\CustomProject\Game\src\Renderer.cpp(17,23): error C2065: '_renderer': undeclared identifier
C:\Users\thomh\Documents\Uni\COS30031-2023-103071494\28 - Doc - Custom Project (D_HD) Documents\CustomProject\Game\src\Renderer.cpp(20,25): error C2065: '_renderer': undeclared identifier
C:\Users\thomh\Documents\Uni\COS30031-2023-103071494\28 - Doc - Custom Project (D_HD) Documents\CustomProject\Game\src\Renderer.cpp(21,5): error C2065: '_renderer': undeclared identifier
  SpriteLoader.cpp
  Window.cpp
  TextureLoader.cpp
  TransformLoader.cpp
C:\Users\thomh\Documents\Uni\COS30031-2023-103071494\28 - Doc - Custom Project (D_HD) Documents\CustomProject\ECS\src\TransformLoader.cpp(18,12): warning C4838: conversion from 'double' to 'int' requires a narrowing conversion
C:\Users\thomh\Documents\Uni\COS30031-2023-103071494\28 - Doc - Custom Project (D_HD) Documents\CustomProject\ECS\src\TransformLoader.cpp(18,12): warning C4244: 'initializing': conversion from 'double' to 'int', possible loss of data
C:\Users\thomh\Documents\Uni\COS30031-2023-103071494\28 - Doc - Custom Project (D_HD) Documents\CustomProject\ECS\src\TransformLoader.cpp(19,12): warning C4838: conversion from 'double' to 'int' requires a narrowing conversion
C:\Users\thomh\Documents\Uni\COS30031-2023-103071494\28 - Doc - Custom Project (D_HD) Documents\CustomProject\ECS\src\TransformLoader.cpp(19,12): warning C4244: 'initializing': conversion from 'double' to 'int', possible loss of data
  RenderLayer.cpp
C:\Users\thomh\Documents\Uni\COS30031-2023-103071494\28 - Doc - Custom Project (D_HD) Documents\CustomProject\Game\src\RenderLayer.cpp(42,6): error C2059: syntax error: 'break'
C:\Users\thomh\Documents\Uni\COS30031-2023-103071494\28 - Doc - Custom Project (D_HD) Documents\CustomProject\Game\src\RenderLayer.cpp(67,34): error C2660: 'ECS::RenderLayer::traversalDataFromUCID': function does not take 1 arguments
C:\Users\thomh\Documents\Uni\COS30031-2023-103071494\28 - Doc - Custom Project (D_HD) Documents\CustomProject\Game\hdr\RenderLayer.h(50,23): message : see declaration of 'ECS::RenderLayer::traversalDataFromUCID'
C:\Users\thomh\Documents\Uni\COS30031-2023-103071494\28 - Doc - Custom Project (D_HD) Documents\CustomProject\Game\src\RenderLayer.cpp(67,34): message : while trying to match the argument list '(ECS::component_id)'
C:\Users\thomh\Documents\Uni\COS30031-2023-103071494\28 - Doc - Custom Project (D_HD) Documents\CustomProject\Game\src\RenderLayer.cpp(67,34): error C2119: '<structured binding>': the type for 'auto' cannot be deduced from an empty initializer
C:\Users\thomh\Documents\Uni\COS30031-2023-103071494\28 - Doc - Custom Project (D_HD) Documents\CustomProject\Game\src\RenderLayer.cpp(67,34): error C3617: initializers of structured bindings must be of array or non-union class type; type 'int' is not permitted
C:\Users\thomh\Documents\Uni\COS30031-2023-103071494\28 - Doc - Custom Project (D_HD) Documents\CustomProject\Game\src\RenderLayer.cpp(67,9): error C2371: 'entt_id': redefinition; different basic types
C:\Users\thomh\Documents\Uni\COS30031-2023-103071494\28 - Doc - Custom Project (D_HD) Documents\CustomProject\Game\src\RenderLayer.cpp(63,13): message : see declaration of 'entt_id'
C:\Users\thomh\Documents\Uni\COS30031-2023-103071494\28 - Doc - Custom Project (D_HD) Documents\CustomProject\Game\src\RenderLayer.cpp(67,18): error C2371: 'traversal_id': redefinition; different basic types
C:\Users\thomh\Documents\Uni\COS30031-2023-103071494\28 - Doc - Custom Project (D_HD) Documents\CustomProject\Game\src\RenderLayer.cpp(64,16): message : see declaration of 'traversal_id'
C:\Users\thomh\Documents\Uni\COS30031-2023-103071494\28 - Doc - Custom Project (D_HD) Documents\CustomProject\Game\src\RenderLayer.cpp(105,18): error C2676: binary '==': 'std::pair<const ECS::component_id,ECS::Transform>' does not define this operator or a conversion to a type acceptable to the predefined operator
C:\Program Files\Microsoft Visual Studio\2022\Community\VC\Tools\MSVC\14.36.32532\include\utility(484,27): message : could be 'bool std::operator ==(const std::pair<_Ty1,_Ty2> &,const std::pair<_Ty1,_Ty2> &)'
C:\Users\thomh\Documents\Uni\COS30031-2023-103071494\28 - Doc - Custom Project (D_HD) Documents\CustomProject\Game\src\RenderLayer.cpp(105,8): message : 'bool std::operator ==(const std::pair<_Ty1,_Ty2> &,const std::pair<_Ty1,_Ty2> &)': could not deduce template argument for 'const std::pair<_Ty1,_Ty2> &' from 'ECS::component_id'
C:\Program Files\Microsoft Visual Studio\2022\Community\VC\Tools\MSVC\14.36.32532\include\xutility(1464,5): message : or       'bool std::operator ==(const std::reverse_iterator<_BidIt> &,const std::reverse_iterator<_BidIt2> &) noexcept(<expr>)'
C:\Users\thomh\Documents\Uni\COS30031-2023-103071494\28 - Doc - Custom Project (D_HD) Documents\CustomProject\Game\src\RenderLayer.cpp(105,8): message : 'bool std::operator ==(const std::reverse_iterator<_BidIt> &,const std::reverse_iterator<_BidIt2> &) noexcept(<expr>)': could not deduce template argument for 'const std::reverse_iterator<_BidIt> &' from 'std::pair<const ECS::component_id,ECS::Transform>'
C:\Program Files\Microsoft Visual Studio\2022\Community\VC\Tools\MSVC\14.36.32532\include\xutility(4162,5): message : or       'bool std::operator ==(const std::move_iterator<_Iter> &,const std::move_iterator<_Iter2> &) noexcept(<expr>)'
C:\Users\thomh\Documents\Uni\COS30031-2023-103071494\28 - Doc - Custom Project (D_HD) Documents\CustomProject\Game\src\RenderLayer.cpp(105,8): message : 'bool std::operator ==(const std::move_iterator<_Iter> &,const std::move_iterator<_Iter2> &) noexcept(<expr>)': could not deduce template argument for 'const std::move_iterator<_Iter> &' from 'std::pair<const ECS::component_id,ECS::Transform>'
C:\Program Files\Microsoft Visual Studio\2022\Community\VC\Tools\MSVC\14.36.32532\include\xmemory(1011,30): message : or       'bool std::operator ==(const std::allocator<_Ty> &,const std::allocator<_Other> &) noexcept'
C:\Users\thomh\Documents\Uni\COS30031-2023-103071494\28 - Doc - Custom Project (D_HD) Documents\CustomProject\Game\src\RenderLayer.cpp(105,8): message : 'bool std::operator ==(const std::allocator<_Ty> &,const std::allocator<_Other> &) noexcept': could not deduce template argument for 'const std::allocator<_Ty> &' from 'std::pair<const ECS::component_id,ECS::Transform>'
C:\Program Files\Microsoft Visual Studio\2022\Community\VC\Tools\MSVC\14.36.32532\include\tuple(669,27): message : or       'bool std::operator ==(const std::tuple<_Types...> &,const std::tuple<_Types...> &)'
C:\Users\thomh\Documents\Uni\COS30031-2023-103071494\28 - Doc - Custom Project (D_HD) Documents\CustomProject\Game\src\RenderLayer.cpp(105,8): message : 'bool std::operator ==(const std::tuple<_Types...> &,const std::tuple<_Types...> &)': could not deduce template argument for 'const std::tuple<_Types...> &' from 'std::pair<const ECS::component_id,ECS::Transform>'
C:\Program Files\Microsoft Visual Studio\2022\Community\VC\Tools\MSVC\14.36.32532\include\xstring(1680,27): message : or       'bool std::operator ==(const std::basic_string_view<_Elem,_Traits>,const std::basic_string_view<_Elem,_Traits>) noexcept'
C:\Users\thomh\Documents\Uni\COS30031-2023-103071494\28 - Doc - Custom Project (D_HD) Documents\CustomProject\Game\src\RenderLayer.cpp(105,8): message : 'bool std::operator ==(const std::basic_string_view<_Elem,_Traits>,const std::basic_string_view<_Elem,_Traits>) noexcept': could not deduce template argument for 'const std::basic_string_view<_Elem,_Traits>' from 'std::pair<const ECS::component_id,ECS::Transform>'
C:\Program Files\Microsoft Visual Studio\2022\Community\VC\Tools\MSVC\14.36.32532\include\xstring(1687,27): message : or       'bool std::operator ==(const _Identity<std::basic_string_view<_Elem,_Traits>>::type,const std::basic_string_view<_Elem,_Traits>) noexcept'
C:\Users\thomh\Documents\Uni\COS30031-2023-103071494\28 - Doc - Custom Project (D_HD) Documents\CustomProject\Game\src\RenderLayer.cpp(105,8): message : 'bool std::operator ==(const _Identity<std::basic_string_view<_Elem,_Traits>>::type,const std::basic_string_view<_Elem,_Traits>) noexcept': could not deduce template argument for 'const std::basic_string_view<_Elem,_Traits>' from 'ECS::component_id'
C:\Program Files\Microsoft Visual Studio\2022\Community\VC\Tools\MSVC\14.36.32532\include\xstring(1694,27): message : or       'bool std::operator ==(const std::basic_string_view<_Elem,_Traits>,const _Identity<std::basic_string_view<_Elem,_Traits>>::type) noexcept'
C:\Users\thomh\Documents\Uni\COS30031-2023-103071494\28 - Doc - Custom Project (D_HD) Documents\CustomProject\Game\src\RenderLayer.cpp(105,8): message : 'bool std::operator ==(const std::basic_string_view<_Elem,_Traits>,const _Identity<std::basic_string_view<_Elem,_Traits>>::type) noexcept': could not deduce template argument for 'const std::basic_string_view<_Elem,_Traits>' from 'std::pair<const ECS::component_id,ECS::Transform>'
C:\Program Files\Microsoft Visual Studio\2022\Community\VC\Tools\MSVC\14.36.32532\include\xstring(5045,30): message : or       'bool std::operator ==(const std::basic_string<_Elem,_Traits,_Alloc> &,const std::basic_string<_Elem,_Traits,_Alloc> &) noexcept'
C:\Users\thomh\Documents\Uni\COS30031-2023-103071494\28 - Doc - Custom Project (D_HD) Documents\CustomProject\Game\src\RenderLayer.cpp(105,8): message : 'bool std::operator ==(const std::basic_string<_Elem,_Traits,_Alloc> &,const std::basic_string<_Elem,_Traits,_Alloc> &) noexcept': could not deduce template argument for 'const std::basic_string<_Elem,_Traits,_Alloc> &' from 'std::pair<const ECS::component_id,ECS::Transform>'
C:\Program Files\Microsoft Visual Studio\2022\Community\VC\Tools\MSVC\14.36.32532\include\xstring(5051,30): message : or       'bool std::operator ==(const std::basic_string<_Elem,_Traits,_Alloc> &,const _Elem *const )'
C:\Users\thomh\Documents\Uni\COS30031-2023-103071494\28 - Doc - Custom Project (D_HD) Documents\CustomProject\Game\src\RenderLayer.cpp(105,8): message : 'bool std::operator ==(const std::basic_string<_Elem,_Traits,_Alloc> &,const _Elem *const )': could not deduce template argument for 'const std::basic_string<_Elem,_Traits,_Alloc> &' from 'std::pair<const ECS::component_id,ECS::Transform>'
C:\Program Files\Microsoft Visual Studio\2022\Community\VC\Tools\MSVC\14.36.32532\include\xstring(5070,17): message : or       'bool std::operator ==(const _Elem *const ,const std::basic_string<_Elem,_Traits,_Alloc> &)'
C:\Users\thomh\Documents\Uni\COS30031-2023-103071494\28 - Doc - Custom Project (D_HD) Documents\CustomProject\Game\src\RenderLayer.cpp(105,8): message : 'bool std::operator ==(const _Elem *const ,const std::basic_string<_Elem,_Traits,_Alloc> &)': could not deduce template argument for 'const _Elem *const ' from 'std::pair<const ECS::component_id,ECS::Transform>'
C:\Program Files\Microsoft Visual Studio\2022\Community\VC\Tools\MSVC\14.36.32532\include\map(399,17): message : or       'bool std::operator ==(const std::map<_Kty,_Ty,_Pr,_Alloc> &,const std::map<_Kty,_Ty,_Pr,_Alloc> &)'
C:\Users\thomh\Documents\Uni\COS30031-2023-103071494\28 - Doc - Custom Project (D_HD) Documents\CustomProject\Game\src\RenderLayer.cpp(105,8): message : 'bool std::operator ==(const std::map<_Kty,_Ty,_Pr,_Alloc> &,const std::map<_Kty,_Ty,_Pr,_Alloc> &)': could not deduce template argument for 'const std::map<_Kty,_Ty,_Pr,_Alloc> &' from 'std::pair<const ECS::component_id,ECS::Transform>'
C:\Program Files\Microsoft Visual Studio\2022\Community\VC\Tools\MSVC\14.36.32532\include\map(630,17): message : or       'bool std::operator ==(const std::multimap<_Kty,_Ty,_Pr,_Alloc> &,const std::multimap<_Kty,_Ty,_Pr,_Alloc> &)'
C:\Users\thomh\Documents\Uni\COS30031-2023-103071494\28 - Doc - Custom Project (D_HD) Documents\CustomProject\Game\src\RenderLayer.cpp(105,8): message : 'bool std::operator ==(const std::multimap<_Kty,_Ty,_Pr,_Alloc> &,const std::multimap<_Kty,_Ty,_Pr,_Alloc> &)': could not deduce template argument for 'const std::multimap<_Kty,_Ty,_Pr,_Alloc> &' from 'std::pair<const ECS::component_id,ECS::Transform>'
C:\Program Files\Microsoft Visual Studio\2022\Community\VC\Tools\MSVC\14.36.32532\include\vector(2219,30): message : or       'bool std::operator ==(const std::vector<_Ty,_Alloc> &,const std::vector<_Ty,_Alloc> &)'
C:\Users\thomh\Documents\Uni\COS30031-2023-103071494\28 - Doc - Custom Project (D_HD) Documents\CustomProject\Game\src\RenderLayer.cpp(105,8): message : 'bool std::operator ==(const std::vector<_Ty,_Alloc> &,const std::vector<_Ty,_Alloc> &)': could not deduce template argument for 'const std::vector<_Ty,_Alloc> &' from 'std::pair<const ECS::component_id,ECS::Transform>'
C:\Users\thomh\Documents\Uni\COS30031-2023-103071494\28 - Doc - Custom Project (D_HD) Documents\CustomProject\Game\src\RenderLayer.cpp(115,2): error C2059: syntax error: '}'
C:\Users\thomh\Documents\Uni\COS30031-2023-103071494\28 - Doc - Custom Project (D_HD) Documents\CustomProject\Game\src\RenderLayer.cpp(122,1): error C2143: syntax error: missing ';' before '}'
C:\Users\thomh\Documents\Uni\COS30031-2023-103071494\28 - Doc - Custom Project (D_HD) Documents\CustomProject\Game\src\RenderLayer.cpp(123,1): fatal  error C1004: unexpected end-of-file found
  TagLoader.cpp
  Generating Code...
C:\Users\thomh\Documents\Uni\COS30031-2023-103071494\28 - Doc - Custom Project (D_HD) Documents\CustomProject\ECS\src\ECConstructor.cpp(242): warning C4715: 'ECS::ECConstructor::generateUCID': not all control paths return a value
