c:\users\thomh\documents\uni\cos30031-2023-103071494\28 - doc - custom project (d_hd) documents\customproject\x64\debug\vc143.pdb
c:\users\thomh\documents\uni\cos30031-2023-103071494\28 - doc - custom project (d_hd) documents\customproject\x64\debug\vc143.idb
c:\users\thomh\documents\uni\cos30031-2023-103071494\28 - doc - custom project (d_hd) documents\customproject\x64\debug\textureloader.obj
c:\users\thomh\documents\uni\cos30031-2023-103071494\28 - doc - custom project (d_hd) documents\customproject\x64\debug\window.obj
c:\users\thomh\documents\uni\cos30031-2023-103071494\28 - doc - custom project (d_hd) documents\customproject\x64\debug\spriteloader.obj
c:\users\thomh\documents\uni\cos30031-2023-103071494\28 - doc - custom project (d_hd) documents\customproject\x64\debug\renderer.obj
c:\users\thomh\documents\uni\cos30031-2023-103071494\28 - doc - custom project (d_hd) documents\customproject\x64\debug\main.obj
c:\users\thomh\documents\uni\cos30031-2023-103071494\28 - doc - custom project (d_hd) documents\customproject\x64\debug\game.obj
c:\users\thomh\documents\uni\cos30031-2023-103071494\28 - doc - custom project (d_hd) documents\customproject\x64\debug\filereader.obj
c:\users\thomh\documents\uni\cos30031-2023-103071494\28 - doc - custom project (d_hd) documents\customproject\x64\debug\ecconstructor.obj
c:\users\thomh\documents\uni\cos30031-2023-103071494\28 - doc - custom project (d_hd) documents\customproject\x64\debug\comploader.obj
c:\users\thomh\documents\uni\cos30031-2023-103071494\28 - doc - custom project (d_hd) documents\customproject\x64\debug\transformloader.obj
c:\users\thomh\documents\uni\cos30031-2023-103071494\28 - doc - custom project (d_hd) documents\customproject\x64\debug\renderlayer.obj
c:\users\thomh\documents\uni\cos30031-2023-103071494\28 - doc - custom project (d_hd) documents\customproject\x64\debug\tagloader.obj
c:\users\thomh\documents\uni\cos30031-2023-103071494\28 - doc - custom project (d_hd) documents\customproject\x64\debug\customproject.exe
c:\users\thomh\documents\uni\cos30031-2023-103071494\28 - doc - custom project (d_hd) documents\customproject\x64\debug\customproject.ilk
c:\users\thomh\documents\uni\cos30031-2023-103071494\28 - doc - custom project (d_hd) documents\customproject\x64\debug\customproject.pdb
c:\users\thomh\documents\uni\cos30031-2023-103071494\28 - doc - custom project (d_hd) documents\customproject\x64\debug\ecconstructor.obj.enc
c:\users\thomh\documents\uni\cos30031-2023-103071494\28 - doc - custom project (d_hd) documents\customproject\x64\debug\customproject.tlog\cl.command.1.tlog
c:\users\thomh\documents\uni\cos30031-2023-103071494\28 - doc - custom project (d_hd) documents\customproject\x64\debug\customproject.tlog\cl.items.tlog
c:\users\thomh\documents\uni\cos30031-2023-103071494\28 - doc - custom project (d_hd) documents\customproject\x64\debug\customproject.tlog\cl.read.1.tlog
c:\users\thomh\documents\uni\cos30031-2023-103071494\28 - doc - custom project (d_hd) documents\customproject\x64\debug\customproject.tlog\cl.write.1.tlog
c:\users\thomh\documents\uni\cos30031-2023-103071494\28 - doc - custom project (d_hd) documents\customproject\x64\debug\customproject.tlog\link.command.1.tlog
c:\users\thomh\documents\uni\cos30031-2023-103071494\28 - doc - custom project (d_hd) documents\customproject\x64\debug\customproject.tlog\link.read.1.tlog
c:\users\thomh\documents\uni\cos30031-2023-103071494\28 - doc - custom project (d_hd) documents\customproject\x64\debug\customproject.tlog\link.write.1.tlog
