f:\uni\cos30031-2023-103071494\13 - spike - composite and component patterns\composite&componentpatterns\x64\debug\vc143.pdb
f:\uni\cos30031-2023-103071494\13 - spike - composite and component patterns\composite&componentpatterns\x64\debug\vc143.idb
f:\uni\cos30031-2023-103071494\13 - spike - composite and component patterns\composite&componentpatterns\x64\debug\states.obj
f:\uni\cos30031-2023-103071494\13 - spike - composite and component patterns\composite&componentpatterns\x64\debug\statemanager.obj
f:\uni\cos30031-2023-103071494\13 - spike - composite and component patterns\composite&componentpatterns\x64\debug\main.obj
f:\uni\cos30031-2023-103071494\13 - spike - composite and component patterns\composite&componentpatterns\x64\debug\entity.obj
f:\uni\cos30031-2023-103071494\13 - spike - composite and component patterns\composite&componentpatterns\x64\debug\c_render.obj
f:\uni\cos30031-2023-103071494\13 - spike - composite and component patterns\composite&componentpatterns\x64\debug\c_inventory.obj
f:\uni\cos30031-2023-103071494\13 - spike - composite and component patterns\composite&componentpatterns\x64\debug\c_spacial.obj
f:\uni\cos30031-2023-103071494\13 - spike - composite and component patterns\composite&componentpatterns\x64\debug\inventoryslot.obj
f:\uni\cos30031-2023-103071494\13 - spike - composite and component patterns\composite&componentpatterns\x64\debug\composite&componentpatterns.pdb
f:\uni\cos30031-2023-103071494\13 - spike - composite and component patterns\composite&componentpatterns\x64\debug\composit.6da4b6f6.tlog\cl.command.1.tlog
f:\uni\cos30031-2023-103071494\13 - spike - composite and component patterns\composite&componentpatterns\x64\debug\composit.6da4b6f6.tlog\cl.read.1.tlog
f:\uni\cos30031-2023-103071494\13 - spike - composite and component patterns\composite&componentpatterns\x64\debug\composit.6da4b6f6.tlog\cl.write.1.tlog
f:\uni\cos30031-2023-103071494\13 - spike - composite and component patterns\composite&componentpatterns\x64\debug\composit.6da4b6f6.tlog\link-cvtres.read.1.tlog
f:\uni\cos30031-2023-103071494\13 - spike - composite and component patterns\composite&componentpatterns\x64\debug\composit.6da4b6f6.tlog\link-cvtres.write.1.tlog
f:\uni\cos30031-2023-103071494\13 - spike - composite and component patterns\composite&componentpatterns\x64\debug\composit.6da4b6f6.tlog\link-rc.read.1.tlog
f:\uni\cos30031-2023-103071494\13 - spike - composite and component patterns\composite&componentpatterns\x64\debug\composit.6da4b6f6.tlog\link-rc.write.1.tlog
f:\uni\cos30031-2023-103071494\13 - spike - composite and component patterns\composite&componentpatterns\x64\debug\composit.6da4b6f6.tlog\link.command.1.tlog
f:\uni\cos30031-2023-103071494\13 - spike - composite and component patterns\composite&componentpatterns\x64\debug\composit.6da4b6f6.tlog\link.read.1.tlog
f:\uni\cos30031-2023-103071494\13 - spike - composite and component patterns\composite&componentpatterns\x64\debug\composit.6da4b6f6.tlog\link.read.2.tlog
f:\uni\cos30031-2023-103071494\13 - spike - composite and component patterns\composite&componentpatterns\x64\debug\composit.6da4b6f6.tlog\link.write.1.tlog
